<?xml version="1.0" encoding="UTF-8"?>
<!-- Generated by org.testng.reporters.JUnitXMLReporter -->
<testsuite ignored="0" hostname="DESKTOP-GAA2U1H" failures="0" tests="7" name="Test" time="3.957" errors="0" timestamp="2024-09-23T20:03:21 IST">
  <testcase classname="Assigmnent13082024.TC_1_NewBook" name="book" time="2.397"/>
  <testcase classname="Assigmnent13082024.TC_1_NewBook" name="book" time="0.115"/>
  <testcase classname="Assigmnent13082024.TC_2_GetBookByAuthorName" name="getbook" time="0.89"/>
  <testcase classname="Assigmnent13082024.TC_1_NewBook" name="book" time="0.103"/>
  <testcase classname="Assigmnent13082024.TC_3_GetBookByID" name="getbookById" time="0.138"/>
  <testcase classname="Assigmnent13082024.TC_1_NewBook" name="book" time="0.103"/>
  <testcase classname="Assigmnent13082024.TC_4_DeleteBook" name="deleteBookById" time="0.123"/>
</testsuite> <!-- Test -->
