<?xml version="1.0" encoding="UTF-8"?>
<testng-results ignored="0" total="1" passed="1" failed="0" skipped="0">
  <reporter-output>
  </reporter-output>
  <suite started-at="2024-09-23T20:19:11 IST" name="Default suite" finished-at="2024-09-23T20:19:14 IST" duration-ms="3232">
    <groups>
    </groups>
    <test started-at="2024-09-23T20:19:11 IST" name="Default test" finished-at="2024-09-23T20:19:14 IST" duration-ms="3232">
      <class name="Assigmnent13082024.TC_1_NewBook">
        <test-method signature="book()[pri:0, instance:Assigmnent13082024.TC_1_NewBook@44c13103]" started-at="2024-09-23T20:19:11 IST" name="book" finished-at="2024-09-23T20:19:14 IST" duration-ms="3166" status="PASS">
          <reporter-output>
          </reporter-output>
        </test-method> <!-- book -->
      </class> <!-- Assigmnent13082024.TC_1_NewBook -->
    </test> <!-- Default test -->
  </suite> <!-- Default suite -->
</testng-results>
